{
  "RSpec": {
    "coverage": {
      "/Users/abhimanyuarya/Desktop/RubyProjects/PlainMapperNew/lib/survey.rb": [
        1,
        1,
        1
      ],
      "/Users/abhimanyuarya/Desktop/RubyProjects/PlainMapperNew/lib/survey/robot.rb": [
        1,
        null,
        1,
        9,
        9,
        9,
        9,
        9,
        null,
        null,
        1,
        3,
        3,
        3,
        null,
        null,
        1,
        1,
        1,
        1,
        null,
        null,
        1,
        1,
        1,
        1,
        null,
        null,
        1,
        2,
        2,
        2,
        null,
        null,
        1,
        1,
        1,
        1,
        1,
        null,
        null,
        1,
        0,
        null,
        null,
        1,
        1,
        null,
        null,
        1,
        1,
        null,
        null,
        null
      ],
      "/Users/abhimanyuarya/Desktop/RubyProjects/PlainMapperNew/lib/survey/west_command.rb": [
        null,
        1,
        null,
        1,
        1,
        null,
        null,
        null
      ],
      "/Users/abhimanyuarya/Desktop/RubyProjects/PlainMapperNew/lib/survey/north_command.rb": [
        null,
        1,
        null,
        1,
        1,
        null,
        null,
        null
      ],
      "/Users/abhimanyuarya/Desktop/RubyProjects/PlainMapperNew/spec/survey/robot_spec.rb": [
        1,
        null,
        1,
        null,
        8,
        null,
        1,
        1,
        null,
        null,
        1,
        1,
        null,
        null,
        1,
        1,
        null,
        null,
        1,
        1,
        null,
        null,
        1,
        1,
        null,
        null,
        1,
        1,
        null,
        null,
        1,
        1,
        1,
        null,
        null,
        1,
        1,
        1,
        null,
        null,
        null
      ],
      "/Users/abhimanyuarya/Desktop/RubyProjects/PlainMapperNew/spec/survey/west_command_spec.rb": [
        1,
        null,
        1,
        null,
        2,
        null,
        1,
        1,
        null,
        null,
        null
      ]
    },
    "timestamp": 1423164690
  }
}
