{
  "RSpec": {
    "coverage": {
      "/Users/abhimanyuarya/Desktop/RubyProjects/PlainMapperNew/lib/survey.rb": [
        1
      ],
      "/Users/abhimanyuarya/Desktop/RubyProjects/PlainMapperNew/lib/survey/robot.rb": [
        1,
        null,
        1,
        7,
        7,
        7,
        7,
        7,
        null,
        null,
        1,
        2,
        2,
        2,
        null,
        null,
        1,
        1,
        1,
        1,
        null,
        null,
        1,
        1,
        1,
        1,
        null,
        null,
        1,
        1,
        1,
        1,
        null,
        null,
        1,
        1,
        1,
        1,
        1,
        null,
        null,
        1,
        0,
        null,
        null,
        1,
        1,
        null,
        null,
        1,
        1,
        null,
        null,
        null
      ]
    },
    "timestamp": 1423164164
  }
}
